<?xml version="1.0" encoding="UTF-8"?>
<!-- Generated by org.testng.reporters.JUnitXMLReporter -->
<testsuite hostname="MeghShiv" ignored="0" name="Sanity Test" tests="2" failures="0" timestamp="2022-12-12T22:55:03 GMT" time="11.727" errors="0">
  <testcase name="userShouldNavigateToForgotPasswordPageSuccessfully" time="0.744" classname="com.orangehrm.testsuite.ForgotPasswordPageTest"/>
  <testcase name="userShouldLoginSuccessfullyWithValidCredential" time="1.401" classname="com.orangehrm.testsuite.LoginPageTest"/>
</testsuite> <!-- Sanity Test -->
