<?xml version="1.0" encoding="UTF-8"?>
<!-- Generated by org.testng.reporters.JUnitXMLReporter -->
<testsuite hostname="MeghShiv" ignored="2" tests="0" failures="0" timestamp="2022-12-12T22:55:38 GMT" time="0.285" errors="0">
  <testcase name="userShouldNavigateToForgotPasswordPageSuccessfully" time="0.0" classname="com.orangehrm.testsuite.ForgotPasswordPageTest">
    <ignored/>
  </testcase> <!-- userShouldNavigateToForgotPasswordPageSuccessfully -->
  <testcase name="userShouldLoginSuccessfullyWithValidCredential" time="0.0" classname="com.orangehrm.testsuite.LoginPageTest">
    <ignored/>
  </testcase> <!-- userShouldLoginSuccessfullyWithValidCredential -->
</testsuite>
