<?xml version="1.0" encoding="UTF-8"?>
<!-- Generated by org.testng.reporters.JUnitXMLReporter -->
<testsuite hostname="MeghShiv" ignored="0" name="Regression Test" tests="2" failures="0" timestamp="2022-12-12T22:54:18 GMT" time="12.511" errors="0">
  <testcase name="userShouldNavigateToForgotPasswordPageSuccessfully" time="1.434" classname="com.orangehrm.testsuite.ForgotPasswordPageTest"/>
  <testcase name="userShouldLoginSuccessfullyWithValidCredential" time="1.414" classname="com.orangehrm.testsuite.LoginPageTest"/>
</testsuite> <!-- Regression Test -->
